2025-04-29 11:10:36 [background-preinit] INFO  : HV000001: Hibernate Validator 8.0.2.Final
2025-04-29 11:10:36 [restartedMain] INFO  : Starting AraiBackendApplication using Java 21.0.6 with PID 17668 (D:\elifiles\dev\mydev_projects\arai-backend\target\classes started by Elias in D:\elifiles\dev\mydev_projects\arai-backend)
2025-04-29 11:10:36 [restartedMain] DEBUG : Running with Spring Boot v3.4.3, Spring v6.2.3
2025-04-29 11:10:36 [restartedMain] INFO  : No active profile set, falling back to 1 default profile: "default"
2025-04-29 11:10:36 [restartedMain] INFO  : Devtools property defaults active! Set 'spring.devtools.add-properties' to 'false' to disable
2025-04-29 11:10:36 [restartedMain] INFO  : For additional web related logging consider setting the 'logging.level.web' property to 'DEBUG'
2025-04-29 11:10:37 [restartedMain] INFO  : Bootstrapping Spring Data JPA repositories in DEFAULT mode.
2025-04-29 11:10:37 [restartedMain] INFO  : Finished Spring Data repository scanning in 27 ms. Found 0 JPA repository interfaces.
2025-04-29 11:10:37 [restartedMain] INFO  : Tomcat initialized with port 5002 (http)
2025-04-29 11:10:37 [restartedMain] INFO  : Initializing ProtocolHandler ["http-nio-5002"]
2025-04-29 11:10:37 [restartedMain] INFO  : Starting service [Tomcat]
2025-04-29 11:10:37 [restartedMain] INFO  : Starting Servlet engine: [Apache Tomcat/10.1.36]
2025-04-29 11:10:38 [restartedMain] INFO  : Initializing Spring embedded WebApplicationContext
2025-04-29 11:10:38 [restartedMain] INFO  : Root WebApplicationContext: initialization completed in 1783 ms
2025-04-29 11:10:38 [restartedMain] INFO  : HHH000204: Processing PersistenceUnitInfo [name: default]
2025-04-29 11:10:38 [restartedMain] INFO  : HHH000412: Hibernate ORM core version 6.6.8.Final
2025-04-29 11:10:38 [restartedMain] INFO  : HHH000026: Second-level cache disabled
2025-04-29 11:10:38 [restartedMain] INFO  : No LoadTimeWeaver setup: ignoring JPA class transformer
2025-04-29 11:10:38 [restartedMain] INFO  : HikariPool-1 - Starting...
2025-04-29 11:10:38 [restartedMain] INFO  : HikariPool-1 - Added connection org.postgresql.jdbc.PgConnection@19f521f
2025-04-29 11:10:38 [restartedMain] INFO  : HikariPool-1 - Start completed.
2025-04-29 11:10:39 [restartedMain] WARN  : HHH90000025: PostgreSQLDialect does not need to be specified explicitly using 'hibernate.dialect' (remove the property setting and it will be selected by default)
2025-04-29 11:10:39 [restartedMain] INFO  : HHH10001005: Database info:
	Database JDBC URL [Connecting through datasource 'HikariDataSource (HikariPool-1)']
	Database driver: undefined/unknown
	Database version: 17.0
	Autocommit mode: undefined/unknown
	Isolation level: undefined/unknown
	Minimum pool size: undefined/unknown
	Maximum pool size: undefined/unknown
2025-04-29 11:10:40 [restartedMain] INFO  : HHH000489: No JTA platform available (set 'hibernate.transaction.jta.platform' to enable JTA platform integration)
2025-04-29 11:10:40 [restartedMain] INFO  : Initialized JPA EntityManagerFactory for persistence unit 'default'
2025-04-29 11:10:41 [restartedMain] WARN  : spring.jpa.open-in-view is enabled by default. Therefore, database queries may be performed during view rendering. Explicitly configure spring.jpa.open-in-view to disable this warning
2025-04-29 11:10:41 [restartedMain] INFO  : LiveReload server is running on port 35729
2025-04-29 11:10:41 [restartedMain] INFO  : Starting ProtocolHandler ["http-nio-5002"]
2025-04-29 11:10:41 [restartedMain] INFO  : Tomcat started on port 5002 (http) with context path '/'
2025-04-29 11:10:41 [restartedMain] INFO  : Started AraiBackendApplication in 6.192 seconds (process running for 7.157)
2025-04-29 11:11:08 [http-nio-5002-exec-1] INFO  : Initializing Spring DispatcherServlet 'dispatcherServlet'
2025-04-29 11:11:08 [http-nio-5002-exec-1] INFO  : Initializing Servlet 'dispatcherServlet'
2025-04-29 11:11:08 [http-nio-5002-exec-1] INFO  : Completed initialization in 2 ms
2025-04-29 11:11:08 [http-nio-5002-exec-1] DEBUG : Validand o credenciales de usuario...
2025-04-29 11:11:10 [http-nio-5002-exec-1] WARN  : Usuario no valido: No se ha encontrado el usuario con username: 1234
2025-04-29 11:11:22 [http-nio-5002-exec-8] DEBUG : Validand o credenciales de usuario...
2025-04-29 11:11:22 [http-nio-5002-exec-8] DEBUG : Validando o credenciales de usuario...
2025-04-29 11:11:22 [http-nio-5002-exec-8] WARN  : Encoded password does not look like BCrypt
2025-04-29 11:11:22 [http-nio-5002-exec-8] WARN  : credenciales invalidas, Usuario no autorizado: ADMIN
2025-04-29 11:14:48 [http-nio-5002-exec-3] DEBUG : Validand o credenciales de usuario...
2025-04-29 11:14:48 [http-nio-5002-exec-3] WARN  : Usuario no valido: No se ha encontrado el usuario con username: ELIAS
2025-04-29 11:14:50 [http-nio-5002-exec-4] DEBUG : Validand o credenciales de usuario...
2025-04-29 11:14:50 [http-nio-5002-exec-4] WARN  : Usuario no valido: No se ha encontrado el usuario con username: ELIAS
2025-04-29 11:14:51 [http-nio-5002-exec-5] DEBUG : Validand o credenciales de usuario...
2025-04-29 11:14:51 [http-nio-5002-exec-5] WARN  : Usuario no valido: No se ha encontrado el usuario con username: ELIAS
2025-04-29 11:15:08 [http-nio-5002-exec-6] DEBUG : Validand o credenciales de usuario...
2025-04-29 11:15:08 [http-nio-5002-exec-6] WARN  : Usuario no valido: No se ha encontrado el usuario con username: Elias
2025-04-29 11:15:09 [http-nio-5002-exec-7] DEBUG : Validand o credenciales de usuario...
2025-04-29 11:15:09 [http-nio-5002-exec-7] WARN  : Usuario no valido: No se ha encontrado el usuario con username: Elias
2025-04-29 11:15:10 [http-nio-5002-exec-2] DEBUG : Validand o credenciales de usuario...
2025-04-29 11:15:10 [http-nio-5002-exec-2] WARN  : Usuario no valido: No se ha encontrado el usuario con username: Elias
2025-04-29 11:15:20 [http-nio-5002-exec-9] DEBUG : Validand o credenciales de usuario...
2025-04-29 11:15:20 [http-nio-5002-exec-9] DEBUG : Validando o credenciales de usuario...
2025-04-29 11:15:20 [http-nio-5002-exec-9] WARN  : Encoded password does not look like BCrypt
2025-04-29 11:15:20 [http-nio-5002-exec-9] WARN  : credenciales invalidas, Usuario no autorizado: xd
2025-04-29 11:15:21 [http-nio-5002-exec-10] DEBUG : Validand o credenciales de usuario...
2025-04-29 11:15:21 [http-nio-5002-exec-10] DEBUG : Validando o credenciales de usuario...
2025-04-29 11:15:21 [http-nio-5002-exec-10] WARN  : Encoded password does not look like BCrypt
2025-04-29 11:15:21 [http-nio-5002-exec-10] WARN  : credenciales invalidas, Usuario no autorizado: xd
2025-04-29 11:16:08 [SpringApplicationShutdownHook] INFO  : Commencing graceful shutdown. Waiting for active requests to complete
2025-04-29 11:16:08 [tomcat-shutdown] INFO  : Graceful shutdown complete
2025-04-29 11:16:08 [SpringApplicationShutdownHook] INFO  : Closing JPA EntityManagerFactory for persistence unit 'default'
2025-04-29 11:16:08 [SpringApplicationShutdownHook] INFO  : HikariPool-1 - Shutdown initiated...
2025-04-29 11:16:08 [SpringApplicationShutdownHook] INFO  : HikariPool-1 - Shutdown completed.
2025-04-29 11:16:17 [background-preinit] INFO  : HV000001: Hibernate Validator 8.0.2.Final
2025-04-29 11:16:17 [restartedMain] INFO  : Starting AraiBackendApplication using Java 21.0.6 with PID 12128 (D:\elifiles\dev\mydev_projects\arai-backend\target\classes started by Elias in D:\elifiles\dev\mydev_projects\arai-backend)
2025-04-29 11:16:17 [restartedMain] DEBUG : Running with Spring Boot v3.4.3, Spring v6.2.3
2025-04-29 11:16:17 [restartedMain] INFO  : No active profile set, falling back to 1 default profile: "default"
2025-04-29 11:16:17 [restartedMain] INFO  : Devtools property defaults active! Set 'spring.devtools.add-properties' to 'false' to disable
2025-04-29 11:16:17 [restartedMain] INFO  : For additional web related logging consider setting the 'logging.level.web' property to 'DEBUG'
2025-04-29 11:16:18 [restartedMain] INFO  : Bootstrapping Spring Data JPA repositories in DEFAULT mode.
2025-04-29 11:16:19 [restartedMain] INFO  : Finished Spring Data repository scanning in 17 ms. Found 0 JPA repository interfaces.
2025-04-29 11:16:19 [restartedMain] INFO  : Tomcat initialized with port 5002 (http)
2025-04-29 11:16:19 [restartedMain] INFO  : Initializing ProtocolHandler ["http-nio-5002"]
2025-04-29 11:16:19 [restartedMain] INFO  : Starting service [Tomcat]
2025-04-29 11:16:19 [restartedMain] INFO  : Starting Servlet engine: [Apache Tomcat/10.1.36]
2025-04-29 11:16:19 [restartedMain] INFO  : Initializing Spring embedded WebApplicationContext
2025-04-29 11:16:19 [restartedMain] INFO  : Root WebApplicationContext: initialization completed in 1939 ms
2025-04-29 11:16:20 [restartedMain] INFO  : HHH000204: Processing PersistenceUnitInfo [name: default]
2025-04-29 11:16:20 [restartedMain] INFO  : HHH000412: Hibernate ORM core version 6.6.8.Final
2025-04-29 11:16:20 [restartedMain] INFO  : HHH000026: Second-level cache disabled
2025-04-29 11:16:20 [restartedMain] INFO  : No LoadTimeWeaver setup: ignoring JPA class transformer
2025-04-29 11:16:20 [restartedMain] INFO  : HikariPool-1 - Starting...
2025-04-29 11:16:20 [restartedMain] INFO  : HikariPool-1 - Added connection org.postgresql.jdbc.PgConnection@79f892e1
2025-04-29 11:16:20 [restartedMain] INFO  : HikariPool-1 - Start completed.
2025-04-29 11:16:20 [restartedMain] WARN  : HHH90000025: PostgreSQLDialect does not need to be specified explicitly using 'hibernate.dialect' (remove the property setting and it will be selected by default)
2025-04-29 11:16:20 [restartedMain] INFO  : HHH10001005: Database info:
	Database JDBC URL [Connecting through datasource 'HikariDataSource (HikariPool-1)']
	Database driver: undefined/unknown
	Database version: 17.0
	Autocommit mode: undefined/unknown
	Isolation level: undefined/unknown
	Minimum pool size: undefined/unknown
	Maximum pool size: undefined/unknown
2025-04-29 11:16:22 [restartedMain] INFO  : HHH000489: No JTA platform available (set 'hibernate.transaction.jta.platform' to enable JTA platform integration)
2025-04-29 11:16:22 [restartedMain] INFO  : Initialized JPA EntityManagerFactory for persistence unit 'default'
2025-04-29 11:16:22 [restartedMain] WARN  : spring.jpa.open-in-view is enabled by default. Therefore, database queries may be performed during view rendering. Explicitly configure spring.jpa.open-in-view to disable this warning
2025-04-29 11:16:23 [restartedMain] INFO  : LiveReload server is running on port 35729
2025-04-29 11:16:23 [restartedMain] INFO  : Starting ProtocolHandler ["http-nio-5002"]
2025-04-29 11:16:23 [restartedMain] INFO  : Tomcat started on port 5002 (http) with context path '/'
2025-04-29 11:16:23 [restartedMain] INFO  : Started AraiBackendApplication in 6.208 seconds (process running for 7.188)
2025-04-29 11:16:31 [File Watcher] INFO  : Restarting due to 1 class path change (0 additions, 1 deletion, 0 modifications)
2025-04-29 11:16:31 [Thread-5] INFO  : Commencing graceful shutdown. Waiting for active requests to complete
2025-04-29 11:16:31 [tomcat-shutdown] INFO  : Pausing ProtocolHandler ["http-nio-5002"]
2025-04-29 11:16:31 [tomcat-shutdown] INFO  : Graceful shutdown complete
2025-04-29 11:16:31 [Thread-5] INFO  : Stopping ProtocolHandler ["http-nio-5002"]
2025-04-29 11:16:31 [Thread-5] INFO  : Closing JPA EntityManagerFactory for persistence unit 'default'
2025-04-29 11:16:31 [Thread-5] INFO  : HikariPool-1 - Shutdown initiated...
2025-04-29 11:16:31 [Thread-5] INFO  : HikariPool-1 - Shutdown completed.
2025-04-29 11:16:32 [restartedMain] INFO  : Starting AraiBackendApplication using Java 21.0.6 with PID 12128 (D:\elifiles\dev\mydev_projects\arai-backend\target\classes started by Elias in D:\elifiles\dev\mydev_projects\arai-backend)
2025-04-29 11:16:32 [restartedMain] DEBUG : Running with Spring Boot v3.4.3, Spring v6.2.3
2025-04-29 11:16:32 [restartedMain] INFO  : No active profile set, falling back to 1 default profile: "default"
2025-04-29 11:16:32 [restartedMain] INFO  : Bootstrapping Spring Data JPA repositories in DEFAULT mode.
2025-04-29 11:16:32 [restartedMain] INFO  : Finished Spring Data repository scanning in 5 ms. Found 0 JPA repository interfaces.
2025-04-29 11:16:32 [restartedMain] INFO  : Tomcat initialized with port 5002 (http)
2025-04-29 11:16:32 [restartedMain] INFO  : Initializing ProtocolHandler ["http-nio-5002"]
2025-04-29 11:16:32 [restartedMain] INFO  : Starting service [Tomcat]
2025-04-29 11:16:32 [restartedMain] INFO  : Starting Servlet engine: [Apache Tomcat/10.1.36]
2025-04-29 11:16:32 [restartedMain] INFO  : Initializing Spring embedded WebApplicationContext
2025-04-29 11:16:32 [restartedMain] INFO  : Root WebApplicationContext: initialization completed in 373 ms
2025-04-29 11:16:32 [restartedMain] INFO  : HHH000204: Processing PersistenceUnitInfo [name: default]
2025-04-29 11:16:32 [restartedMain] INFO  : HHH000026: Second-level cache disabled
2025-04-29 11:16:32 [restartedMain] INFO  : No LoadTimeWeaver setup: ignoring JPA class transformer
2025-04-29 11:16:32 [restartedMain] INFO  : HikariPool-2 - Starting...
2025-04-29 11:16:32 [restartedMain] INFO  : HikariPool-2 - Added connection org.postgresql.jdbc.PgConnection@24853750
2025-04-29 11:16:32 [restartedMain] INFO  : HikariPool-2 - Start completed.
2025-04-29 11:16:32 [restartedMain] WARN  : HHH90000025: PostgreSQLDialect does not need to be specified explicitly using 'hibernate.dialect' (remove the property setting and it will be selected by default)
2025-04-29 11:16:32 [restartedMain] INFO  : HHH10001005: Database info:
	Database JDBC URL [Connecting through datasource 'HikariDataSource (HikariPool-2)']
	Database driver: undefined/unknown
	Database version: 17.0
	Autocommit mode: undefined/unknown
	Isolation level: undefined/unknown
	Minimum pool size: undefined/unknown
	Maximum pool size: undefined/unknown
2025-04-29 11:16:32 [restartedMain] INFO  : HHH000489: No JTA platform available (set 'hibernate.transaction.jta.platform' to enable JTA platform integration)
2025-04-29 11:16:32 [restartedMain] INFO  : Initialized JPA EntityManagerFactory for persistence unit 'default'
2025-04-29 11:16:33 [restartedMain] WARN  : spring.jpa.open-in-view is enabled by default. Therefore, database queries may be performed during view rendering. Explicitly configure spring.jpa.open-in-view to disable this warning
2025-04-29 11:16:33 [restartedMain] INFO  : LiveReload server is running on port 35729
2025-04-29 11:16:33 [restartedMain] INFO  : Starting ProtocolHandler ["http-nio-5002"]
2025-04-29 11:16:33 [restartedMain] INFO  : Tomcat started on port 5002 (http) with context path '/'
2025-04-29 11:16:33 [restartedMain] INFO  : Started AraiBackendApplication in 1.172 seconds (process running for 16.999)
2025-04-29 11:16:33 [restartedMain] INFO  : Condition evaluation unchanged
2025-04-29 11:16:33 [http-nio-5002-exec-1] INFO  : Initializing Spring DispatcherServlet 'dispatcherServlet'
2025-04-29 11:16:33 [http-nio-5002-exec-1] INFO  : Initializing Servlet 'dispatcherServlet'
2025-04-29 11:16:33 [http-nio-5002-exec-1] INFO  : Completed initialization in 1 ms
2025-04-29 11:16:34 [http-nio-5002-exec-1] WARN  : Resolved [org.springframework.web.servlet.resource.NoResourceFoundException: No static resource auth/login.]
2025-04-29 11:16:34 [File Watcher] INFO  : Restarting due to 1 class path change (1 addition, 0 deletions, 0 modifications)
2025-04-29 11:16:34 [Thread-7] INFO  : Commencing graceful shutdown. Waiting for active requests to complete
2025-04-29 11:16:34 [tomcat-shutdown] INFO  : Pausing ProtocolHandler ["http-nio-5002"]
2025-04-29 11:16:34 [tomcat-shutdown] INFO  : Graceful shutdown complete
2025-04-29 11:16:34 [Thread-7] INFO  : Stopping ProtocolHandler ["http-nio-5002"]
2025-04-29 11:16:34 [Thread-7] INFO  : Closing JPA EntityManagerFactory for persistence unit 'default'
2025-04-29 11:16:34 [Thread-7] INFO  : HikariPool-2 - Shutdown initiated...
2025-04-29 11:16:34 [Thread-7] INFO  : HikariPool-2 - Shutdown completed.
2025-04-29 11:16:34 [restartedMain] INFO  : Starting AraiBackendApplication using Java 21.0.6 with PID 12128 (D:\elifiles\dev\mydev_projects\arai-backend\target\classes started by Elias in D:\elifiles\dev\mydev_projects\arai-backend)
2025-04-29 11:16:34 [restartedMain] DEBUG : Running with Spring Boot v3.4.3, Spring v6.2.3
2025-04-29 11:16:34 [restartedMain] INFO  : No active profile set, falling back to 1 default profile: "default"
2025-04-29 11:16:35 [restartedMain] INFO  : Bootstrapping Spring Data JPA repositories in DEFAULT mode.
2025-04-29 11:16:35 [restartedMain] INFO  : Finished Spring Data repository scanning in 13 ms. Found 0 JPA repository interfaces.
2025-04-29 11:16:35 [restartedMain] INFO  : Tomcat initialized with port 5002 (http)
2025-04-29 11:16:35 [restartedMain] INFO  : Initializing ProtocolHandler ["http-nio-5002"]
2025-04-29 11:16:35 [restartedMain] INFO  : Starting service [Tomcat]
2025-04-29 11:16:35 [restartedMain] INFO  : Starting Servlet engine: [Apache Tomcat/10.1.36]
2025-04-29 11:16:35 [restartedMain] INFO  : Initializing Spring embedded WebApplicationContext
2025-04-29 11:16:35 [restartedMain] INFO  : Root WebApplicationContext: initialization completed in 991 ms
2025-04-29 11:16:35 [restartedMain] INFO  : HHH000204: Processing PersistenceUnitInfo [name: default]
2025-04-29 11:16:35 [restartedMain] INFO  : HHH000026: Second-level cache disabled
2025-04-29 11:16:35 [restartedMain] INFO  : No LoadTimeWeaver setup: ignoring JPA class transformer
2025-04-29 11:16:35 [restartedMain] INFO  : HikariPool-3 - Starting...
2025-04-29 11:16:36 [restartedMain] INFO  : HikariPool-3 - Added connection org.postgresql.jdbc.PgConnection@175407f5
2025-04-29 11:16:36 [restartedMain] INFO  : HikariPool-3 - Start completed.
2025-04-29 11:16:36 [restartedMain] WARN  : HHH90000025: PostgreSQLDialect does not need to be specified explicitly using 'hibernate.dialect' (remove the property setting and it will be selected by default)
2025-04-29 11:16:36 [restartedMain] INFO  : HHH10001005: Database info:
	Database JDBC URL [Connecting through datasource 'HikariDataSource (HikariPool-3)']
	Database driver: undefined/unknown
	Database version: 17.0
	Autocommit mode: undefined/unknown
	Isolation level: undefined/unknown
	Minimum pool size: undefined/unknown
	Maximum pool size: undefined/unknown
2025-04-29 11:16:37 [restartedMain] INFO  : HHH000489: No JTA platform available (set 'hibernate.transaction.jta.platform' to enable JTA platform integration)
2025-04-29 11:16:37 [restartedMain] INFO  : Initialized JPA EntityManagerFactory for persistence unit 'default'
2025-04-29 11:16:37 [restartedMain] WARN  : spring.jpa.open-in-view is enabled by default. Therefore, database queries may be performed during view rendering. Explicitly configure spring.jpa.open-in-view to disable this warning
2025-04-29 11:16:37 [restartedMain] INFO  : LiveReload server is running on port 35729
2025-04-29 11:16:37 [restartedMain] INFO  : Starting ProtocolHandler ["http-nio-5002"]
2025-04-29 11:16:37 [restartedMain] INFO  : Tomcat started on port 5002 (http) with context path '/'
2025-04-29 11:16:37 [restartedMain] INFO  : Started AraiBackendApplication in 2.957 seconds (process running for 21.475)
2025-04-29 11:16:37 [restartedMain] INFO  : Condition evaluation unchanged
2025-04-29 11:16:48 [http-nio-5002-exec-1] INFO  : Initializing Spring DispatcherServlet 'dispatcherServlet'
2025-04-29 11:16:48 [http-nio-5002-exec-1] INFO  : Initializing Servlet 'dispatcherServlet'
2025-04-29 11:16:48 [http-nio-5002-exec-1] INFO  : Completed initialization in 1 ms
2025-04-29 11:23:13 [SpringApplicationShutdownHook] INFO  : Commencing graceful shutdown. Waiting for active requests to complete
2025-04-29 11:23:13 [tomcat-shutdown] INFO  : Graceful shutdown complete
2025-04-29 11:23:13 [SpringApplicationShutdownHook] INFO  : Closing JPA EntityManagerFactory for persistence unit 'default'
2025-04-29 11:23:13 [SpringApplicationShutdownHook] INFO  : HikariPool-3 - Shutdown initiated...
2025-04-29 11:23:13 [SpringApplicationShutdownHook] INFO  : HikariPool-3 - Shutdown completed.
