2025-04-22 11:30:05 [background-preinit] INFO  : HV000001: Hibernate Validator 8.0.2.Final
2025-04-22 11:30:05 [restartedMain] INFO  : Starting AraiBackendApplication using Java 21.0.6 with PID 9592 (D:\elifiles\dev\mydev_projects\arai-backend\target\classes started by Elias in D:\elifiles\dev\mydev_projects\arai-backend)
2025-04-22 11:30:05 [restartedMain] INFO  : No active profile set, falling back to 1 default profile: "default"
2025-04-22 11:30:05 [restartedMain] INFO  : Devtools property defaults active! Set 'spring.devtools.add-properties' to 'false' to disable
2025-04-22 11:30:05 [restartedMain] INFO  : For additional web related logging consider setting the 'logging.level.web' property to 'DEBUG'
2025-04-22 11:30:06 [restartedMain] INFO  : Bootstrapping Spring Data JPA repositories in DEFAULT mode.
2025-04-22 11:30:06 [restartedMain] INFO  : Finished Spring Data repository scanning in 17 ms. Found 0 JPA repository interfaces.
2025-04-22 11:30:07 [restartedMain] INFO  : Tomcat initialized with port 5002 (http)
2025-04-22 11:30:07 [restartedMain] INFO  : Initializing ProtocolHandler ["http-nio-5002"]
2025-04-22 11:30:07 [restartedMain] INFO  : Starting service [Tomcat]
2025-04-22 11:30:07 [restartedMain] INFO  : Starting Servlet engine: [Apache Tomcat/10.1.36]
2025-04-22 11:30:07 [restartedMain] INFO  : Initializing Spring embedded WebApplicationContext
2025-04-22 11:30:07 [restartedMain] INFO  : Root WebApplicationContext: initialization completed in 1799 ms
2025-04-22 11:30:07 [restartedMain] INFO  : HHH000204: Processing PersistenceUnitInfo [name: default]
2025-04-22 11:30:07 [restartedMain] INFO  : HHH000412: Hibernate ORM core version 6.6.8.Final
2025-04-22 11:30:07 [restartedMain] INFO  : HHH000026: Second-level cache disabled
2025-04-22 11:30:08 [restartedMain] INFO  : No LoadTimeWeaver setup: ignoring JPA class transformer
2025-04-22 11:30:08 [restartedMain] INFO  : HikariPool-1 - Starting...
2025-04-22 11:30:08 [restartedMain] INFO  : HikariPool-1 - Added connection org.postgresql.jdbc.PgConnection@47a0f4d5
2025-04-22 11:30:08 [restartedMain] INFO  : HikariPool-1 - Start completed.
2025-04-22 11:30:08 [restartedMain] WARN  : HHH90000025: PostgreSQLDialect does not need to be specified explicitly using 'hibernate.dialect' (remove the property setting and it will be selected by default)
2025-04-22 11:30:08 [restartedMain] INFO  : HHH10001005: Database info:
	Database JDBC URL [Connecting through datasource 'HikariDataSource (HikariPool-1)']
	Database driver: undefined/unknown
	Database version: 17.0
	Autocommit mode: undefined/unknown
	Isolation level: undefined/unknown
	Minimum pool size: undefined/unknown
	Maximum pool size: undefined/unknown
2025-04-22 11:30:10 [restartedMain] INFO  : HHH000489: No JTA platform available (set 'hibernate.transaction.jta.platform' to enable JTA platform integration)
2025-04-22 11:30:10 [restartedMain] INFO  : Initialized JPA EntityManagerFactory for persistence unit 'default'
2025-04-22 11:30:10 [restartedMain] WARN  : spring.jpa.open-in-view is enabled by default. Therefore, database queries may be performed during view rendering. Explicitly configure spring.jpa.open-in-view to disable this warning
2025-04-22 11:30:10 [restartedMain] INFO  : LiveReload server is running on port 35729
2025-04-22 11:30:10 [restartedMain] INFO  : Starting ProtocolHandler ["http-nio-5002"]
2025-04-22 11:30:10 [restartedMain] INFO  : Tomcat started on port 5002 (http) with context path '/'
2025-04-22 11:30:10 [restartedMain] INFO  : Started AraiBackendApplication in 6.142 seconds (process running for 7.01)
2025-04-22 11:30:23 [SpringApplicationShutdownHook] INFO  : Commencing graceful shutdown. Waiting for active requests to complete
2025-04-22 11:30:23 [tomcat-shutdown] INFO  : Graceful shutdown complete
2025-04-22 11:30:23 [SpringApplicationShutdownHook] INFO  : Closing JPA EntityManagerFactory for persistence unit 'default'
2025-04-22 11:30:23 [SpringApplicationShutdownHook] INFO  : HikariPool-1 - Shutdown initiated...
2025-04-22 11:30:23 [SpringApplicationShutdownHook] INFO  : HikariPool-1 - Shutdown completed.
2025-04-22 11:30:50 [background-preinit] INFO  : HV000001: Hibernate Validator 8.0.2.Final
2025-04-22 11:30:50 [restartedMain] INFO  : Starting AraiBackendApplication using Java 21.0.6 with PID 3672 (D:\elifiles\dev\mydev_projects\arai-backend\target\classes started by Elias in D:\elifiles\dev\mydev_projects\arai-backend)
2025-04-22 11:30:50 [restartedMain] DEBUG : Running with Spring Boot v3.4.3, Spring v6.2.3
2025-04-22 11:30:50 [restartedMain] INFO  : No active profile set, falling back to 1 default profile: "default"
2025-04-22 11:30:50 [restartedMain] INFO  : Devtools property defaults active! Set 'spring.devtools.add-properties' to 'false' to disable
2025-04-22 11:30:50 [restartedMain] INFO  : For additional web related logging consider setting the 'logging.level.web' property to 'DEBUG'
2025-04-22 11:30:51 [restartedMain] INFO  : Bootstrapping Spring Data JPA repositories in DEFAULT mode.
2025-04-22 11:30:51 [restartedMain] INFO  : Finished Spring Data repository scanning in 17 ms. Found 0 JPA repository interfaces.
2025-04-22 11:30:52 [restartedMain] INFO  : Tomcat initialized with port 5002 (http)
2025-04-22 11:30:52 [restartedMain] INFO  : Initializing ProtocolHandler ["http-nio-5002"]
2025-04-22 11:30:52 [restartedMain] INFO  : Starting service [Tomcat]
2025-04-22 11:30:52 [restartedMain] INFO  : Starting Servlet engine: [Apache Tomcat/10.1.36]
2025-04-22 11:30:52 [restartedMain] INFO  : Initializing Spring embedded WebApplicationContext
2025-04-22 11:30:52 [restartedMain] INFO  : Root WebApplicationContext: initialization completed in 1675 ms
2025-04-22 11:30:52 [restartedMain] INFO  : HHH000204: Processing PersistenceUnitInfo [name: default]
2025-04-22 11:30:52 [restartedMain] INFO  : HHH000412: Hibernate ORM core version 6.6.8.Final
2025-04-22 11:30:52 [restartedMain] INFO  : HHH000026: Second-level cache disabled
2025-04-22 11:30:53 [restartedMain] INFO  : No LoadTimeWeaver setup: ignoring JPA class transformer
2025-04-22 11:30:53 [restartedMain] INFO  : HikariPool-1 - Starting...
2025-04-22 11:30:53 [restartedMain] INFO  : HikariPool-1 - Added connection org.postgresql.jdbc.PgConnection@4d3721f0
2025-04-22 11:30:53 [restartedMain] INFO  : HikariPool-1 - Start completed.
2025-04-22 11:30:53 [restartedMain] WARN  : HHH90000025: PostgreSQLDialect does not need to be specified explicitly using 'hibernate.dialect' (remove the property setting and it will be selected by default)
2025-04-22 11:30:53 [restartedMain] INFO  : HHH10001005: Database info:
	Database JDBC URL [Connecting through datasource 'HikariDataSource (HikariPool-1)']
	Database driver: undefined/unknown
	Database version: 17.0
	Autocommit mode: undefined/unknown
	Isolation level: undefined/unknown
	Minimum pool size: undefined/unknown
	Maximum pool size: undefined/unknown
2025-04-22 11:30:55 [restartedMain] INFO  : HHH000489: No JTA platform available (set 'hibernate.transaction.jta.platform' to enable JTA platform integration)
2025-04-22 11:30:55 [restartedMain] INFO  : Initialized JPA EntityManagerFactory for persistence unit 'default'
2025-04-22 11:30:55 [restartedMain] WARN  : spring.jpa.open-in-view is enabled by default. Therefore, database queries may be performed during view rendering. Explicitly configure spring.jpa.open-in-view to disable this warning
2025-04-22 11:30:55 [restartedMain] INFO  : LiveReload server is running on port 35729
2025-04-22 11:30:55 [restartedMain] INFO  : Starting ProtocolHandler ["http-nio-5002"]
2025-04-22 11:30:55 [restartedMain] INFO  : Tomcat started on port 5002 (http) with context path '/'
2025-04-22 11:30:55 [restartedMain] INFO  : Started AraiBackendApplication in 5.89 seconds (process running for 6.808)
2025-04-22 11:37:58 [SpringApplicationShutdownHook] INFO  : Commencing graceful shutdown. Waiting for active requests to complete
2025-04-22 11:37:58 [tomcat-shutdown] INFO  : Graceful shutdown complete
2025-04-22 11:37:58 [SpringApplicationShutdownHook] INFO  : Closing JPA EntityManagerFactory for persistence unit 'default'
2025-04-22 11:37:58 [SpringApplicationShutdownHook] INFO  : HikariPool-1 - Shutdown initiated...
2025-04-22 11:37:58 [SpringApplicationShutdownHook] INFO  : HikariPool-1 - Shutdown completed.
2025-04-22 11:38:04 [background-preinit] INFO  : HV000001: Hibernate Validator 8.0.2.Final
2025-04-22 11:38:04 [restartedMain] INFO  : Starting AraiBackendApplication using Java 21.0.6 with PID 12312 (D:\elifiles\dev\mydev_projects\arai-backend\target\classes started by Elias in D:\elifiles\dev\mydev_projects\arai-backend)
2025-04-22 11:38:04 [restartedMain] DEBUG : Running with Spring Boot v3.4.3, Spring v6.2.3
2025-04-22 11:38:04 [restartedMain] INFO  : No active profile set, falling back to 1 default profile: "default"
2025-04-22 11:38:05 [restartedMain] INFO  : Devtools property defaults active! Set 'spring.devtools.add-properties' to 'false' to disable
2025-04-22 11:38:05 [restartedMain] INFO  : For additional web related logging consider setting the 'logging.level.web' property to 'DEBUG'
2025-04-22 11:38:05 [restartedMain] INFO  : Bootstrapping Spring Data JPA repositories in DEFAULT mode.
2025-04-22 11:38:06 [restartedMain] INFO  : Finished Spring Data repository scanning in 21 ms. Found 0 JPA repository interfaces.
2025-04-22 11:38:06 [restartedMain] INFO  : Tomcat initialized with port 5002 (http)
2025-04-22 11:38:06 [restartedMain] INFO  : Initializing ProtocolHandler ["http-nio-5002"]
2025-04-22 11:38:06 [restartedMain] INFO  : Starting service [Tomcat]
2025-04-22 11:38:06 [restartedMain] INFO  : Starting Servlet engine: [Apache Tomcat/10.1.36]
2025-04-22 11:38:06 [restartedMain] INFO  : Initializing Spring embedded WebApplicationContext
2025-04-22 11:38:06 [restartedMain] INFO  : Root WebApplicationContext: initialization completed in 1689 ms
2025-04-22 11:38:06 [restartedMain] INFO  : HHH000204: Processing PersistenceUnitInfo [name: default]
2025-04-22 11:38:06 [restartedMain] INFO  : HHH000412: Hibernate ORM core version 6.6.8.Final
2025-04-22 11:38:06 [restartedMain] INFO  : HHH000026: Second-level cache disabled
2025-04-22 11:38:07 [restartedMain] INFO  : No LoadTimeWeaver setup: ignoring JPA class transformer
2025-04-22 11:38:07 [restartedMain] INFO  : HikariPool-1 - Starting...
2025-04-22 11:38:07 [restartedMain] INFO  : HikariPool-1 - Added connection org.postgresql.jdbc.PgConnection@1c76a1e3
2025-04-22 11:38:07 [restartedMain] INFO  : HikariPool-1 - Start completed.
2025-04-22 11:38:07 [restartedMain] WARN  : HHH90000025: PostgreSQLDialect does not need to be specified explicitly using 'hibernate.dialect' (remove the property setting and it will be selected by default)
2025-04-22 11:38:07 [restartedMain] INFO  : HHH10001005: Database info:
	Database JDBC URL [Connecting through datasource 'HikariDataSource (HikariPool-1)']
	Database driver: undefined/unknown
	Database version: 17.0
	Autocommit mode: undefined/unknown
	Isolation level: undefined/unknown
	Minimum pool size: undefined/unknown
	Maximum pool size: undefined/unknown
2025-04-22 11:38:09 [restartedMain] INFO  : HHH000489: No JTA platform available (set 'hibernate.transaction.jta.platform' to enable JTA platform integration)
2025-04-22 11:38:09 [restartedMain] INFO  : Initialized JPA EntityManagerFactory for persistence unit 'default'
2025-04-22 11:38:09 [restartedMain] WARN  : spring.jpa.open-in-view is enabled by default. Therefore, database queries may be performed during view rendering. Explicitly configure spring.jpa.open-in-view to disable this warning
2025-04-22 11:38:10 [restartedMain] INFO  : LiveReload server is running on port 35729
2025-04-22 11:38:10 [restartedMain] INFO  : Starting ProtocolHandler ["http-nio-5002"]
2025-04-22 11:38:10 [restartedMain] INFO  : Tomcat started on port 5002 (http) with context path '/'
2025-04-22 11:38:10 [restartedMain] INFO  : Started AraiBackendApplication in 6.007 seconds (process running for 6.913)
2025-04-22 11:50:02 [SpringApplicationShutdownHook] INFO  : Commencing graceful shutdown. Waiting for active requests to complete
2025-04-22 11:50:02 [tomcat-shutdown] INFO  : Graceful shutdown complete
2025-04-22 11:50:02 [SpringApplicationShutdownHook] INFO  : Closing JPA EntityManagerFactory for persistence unit 'default'
2025-04-22 11:50:02 [SpringApplicationShutdownHook] INFO  : HikariPool-1 - Shutdown initiated...
2025-04-22 11:50:02 [SpringApplicationShutdownHook] INFO  : HikariPool-1 - Shutdown completed.
