2025-05-06 08:07:34 [background-preinit] INFO  : HV000001: Hibernate Validator 8.0.2.Final
2025-05-06 08:07:34 [main] INFO  : Starting AraiBackendApplicationTests using Java 21.0.6 with PID 9708 (started by Elias in D:\elifiles\dev\mydev_projects\arai-backend)
2025-05-06 08:07:34 [main] DEBUG : Running with Spring Boot v3.4.3, Spring v6.2.3
2025-05-06 08:07:34 [main] INFO  : No active profile set, falling back to 1 default profile: "default"
2025-05-06 08:07:35 [main] INFO  : Bootstrapping Spring Data JPA repositories in DEFAULT mode.
2025-05-06 08:07:35 [main] INFO  : Finished Spring Data repository scanning in 24 ms. Found 0 JPA repository interfaces.
2025-05-06 08:07:36 [main] INFO  : HHH000204: Processing PersistenceUnitInfo [name: default]
2025-05-06 08:07:36 [main] INFO  : HHH000412: Hibernate ORM core version 6.6.8.Final
2025-05-06 08:07:36 [main] INFO  : HHH000026: Second-level cache disabled
2025-05-06 08:07:37 [main] INFO  : No LoadTimeWeaver setup: ignoring JPA class transformer
2025-05-06 08:07:37 [main] INFO  : HikariPool-1 - Starting...
2025-05-06 08:07:40 [main] INFO  : HikariPool-1 - Added connection org.postgresql.jdbc.PgConnection@f1d1463
2025-05-06 08:07:40 [main] INFO  : HikariPool-1 - Start completed.
2025-05-06 08:07:40 [main] WARN  : HHH90000025: PostgreSQLDialect does not need to be specified explicitly using 'hibernate.dialect' (remove the property setting and it will be selected by default)
2025-05-06 08:07:41 [main] INFO  : HHH10001005: Database info:
	Database JDBC URL [Connecting through datasource 'HikariDataSource (HikariPool-1)']
	Database driver: undefined/unknown
	Database version: 16.8
	Autocommit mode: undefined/unknown
	Isolation level: undefined/unknown
	Minimum pool size: undefined/unknown
	Maximum pool size: undefined/unknown
2025-05-06 08:07:43 [main] INFO  : HHH000489: No JTA platform available (set 'hibernate.transaction.jta.platform' to enable JTA platform integration)
2025-05-06 08:07:43 [main] INFO  : Initialized JPA EntityManagerFactory for persistence unit 'default'
2025-05-06 08:07:43 [main] WARN  : spring.jpa.open-in-view is enabled by default. Therefore, database queries may be performed during view rendering. Explicitly configure spring.jpa.open-in-view to disable this warning
2025-05-06 08:07:44 [main] INFO  : Started AraiBackendApplicationTests in 10.637 seconds (process running for 12.282)
2025-05-06 08:07:45 [SpringApplicationShutdownHook] INFO  : Closing JPA EntityManagerFactory for persistence unit 'default'
2025-05-06 08:07:45 [SpringApplicationShutdownHook] INFO  : HikariPool-1 - Shutdown initiated...
2025-05-06 08:07:45 [SpringApplicationShutdownHook] INFO  : HikariPool-1 - Shutdown completed.
2025-05-06 08:17:40 [background-preinit] INFO  : HV000001: Hibernate Validator 8.0.2.Final
2025-05-06 08:17:41 [main] INFO  : Starting AraiBackendApplication v0.0.1-SNAPSHOT using Java 21.0.6 with PID 8832 (D:\elifiles\dev\mydev_projects\arai-backend\target\arai-backend-0.0.1-SNAPSHOT.jar started by Elias in D:\elifiles\dev\mydev_projects\arai-backend)
2025-05-06 08:17:41 [main] DEBUG : Running with Spring Boot v3.4.3, Spring v6.2.3
2025-05-06 08:17:41 [main] INFO  : No active profile set, falling back to 1 default profile: "default"
2025-05-06 08:17:42 [main] INFO  : Bootstrapping Spring Data JPA repositories in DEFAULT mode.
2025-05-06 08:17:42 [main] INFO  : Finished Spring Data repository scanning in 40 ms. Found 0 JPA repository interfaces.
2025-05-06 08:17:43 [main] INFO  : Tomcat initialized with port 5002 (http)
2025-05-06 08:17:44 [main] INFO  : Initializing ProtocolHandler ["http-nio-5002"]
2025-05-06 08:17:44 [main] INFO  : Starting service [Tomcat]
2025-05-06 08:17:44 [main] INFO  : Starting Servlet engine: [Apache Tomcat/10.1.36]
2025-05-06 08:17:44 [main] INFO  : Initializing Spring embedded WebApplicationContext
2025-05-06 08:17:44 [main] INFO  : Root WebApplicationContext: initialization completed in 2921 ms
2025-05-06 08:17:44 [main] INFO  : HHH000204: Processing PersistenceUnitInfo [name: default]
2025-05-06 08:17:44 [main] INFO  : HHH000412: Hibernate ORM core version 6.6.8.Final
2025-05-06 08:17:44 [main] INFO  : HHH000026: Second-level cache disabled
2025-05-06 08:17:45 [main] INFO  : No LoadTimeWeaver setup: ignoring JPA class transformer
2025-05-06 08:17:45 [main] INFO  : HikariPool-1 - Starting...
2025-05-06 08:17:48 [main] INFO  : HikariPool-1 - Added connection org.postgresql.jdbc.PgConnection@2d4f67e
2025-05-06 08:17:48 [main] INFO  : HikariPool-1 - Start completed.
2025-05-06 08:17:48 [main] WARN  : HHH90000025: PostgreSQLDialect does not need to be specified explicitly using 'hibernate.dialect' (remove the property setting and it will be selected by default)
2025-05-06 08:17:49 [main] INFO  : HHH10001005: Database info:
	Database JDBC URL [Connecting through datasource 'HikariDataSource (HikariPool-1)']
	Database driver: undefined/unknown
	Database version: 16.8
	Autocommit mode: undefined/unknown
	Isolation level: undefined/unknown
	Minimum pool size: undefined/unknown
	Maximum pool size: undefined/unknown
2025-05-06 08:17:51 [main] INFO  : HHH000489: No JTA platform available (set 'hibernate.transaction.jta.platform' to enable JTA platform integration)
2025-05-06 08:17:51 [main] INFO  : Initialized JPA EntityManagerFactory for persistence unit 'default'
2025-05-06 08:17:51 [main] WARN  : spring.jpa.open-in-view is enabled by default. Therefore, database queries may be performed during view rendering. Explicitly configure spring.jpa.open-in-view to disable this warning
2025-05-06 08:17:52 [main] INFO  : Starting ProtocolHandler ["http-nio-5002"]
2025-05-06 08:17:52 [main] INFO  : Tomcat started on port 5002 (http) with context path '/'
2025-05-06 08:17:52 [main] INFO  : Started AraiBackendApplication in 13.071 seconds (process running for 14.307)
2025-05-06 08:18:14 [SpringApplicationShutdownHook] INFO  : Commencing graceful shutdown. Waiting for active requests to complete
2025-05-06 08:18:14 [tomcat-shutdown] INFO  : Graceful shutdown complete
2025-05-06 08:18:14 [SpringApplicationShutdownHook] INFO  : Closing JPA EntityManagerFactory for persistence unit 'default'
2025-05-06 08:18:14 [SpringApplicationShutdownHook] INFO  : HikariPool-1 - Shutdown initiated...
2025-05-06 08:18:15 [SpringApplicationShutdownHook] INFO  : HikariPool-1 - Shutdown completed.
